<?xml version="1.0" encoding="UTF-8"?>
<!-- Generated by org.testng.reporters.JUnitReportReporter -->
<testsuite hostname="DESKTOP-RADG2AI" failures="1" tests="1" name="cucumberOptions.FailedTestNGRunner" time="23.837" errors="0" timestamp="2024-07-03T19:46:41 IST" skipped="0">
  <testcase classname="cucumberOptions.FailedTestNGRunner" name="runScenario" time="23.837">
    <failure message="expected [Beetroot] but found [No data]" type="java.lang.AssertionError">
      <![CDATA[java.lang.AssertionError: expected [Beetroot] but found [No data]
at org.testng.Assert.fail(Assert.java:111)
at org.testng.Assert.failNotEquals(Assert.java:1578)
at org.testng.Assert.assertEqualsImpl(Assert.java:150)
at org.testng.Assert.assertEquals(Assert.java:132)
at org.testng.Assert.assertEquals(Assert.java:656)
at org.testng.Assert.assertEquals(Assert.java:666)
at stepDefinitions.OffersPageStepDefinition.validate_that_the_product_name_is_same_on_both_the_pages(OffersPageStepDefinition.java:74)
at ✽.validate that the product name is same on both the pages(file:///C:/Users/user/eclipse-workspace/CucumberFrameworkRahulShetty/src/test/java/features/searchProduct.feature:15)
]]>
    </failure>
  </testcase> <!-- runScenario -->
</testsuite> <!-- cucumberOptions.FailedTestNGRunner -->
