<?xml version="1.0" encoding="UTF-8"?>
<testsuite xmlns:xsi="http://www.w3.org/2001/XMLSchema-instance" xsi:noNamespaceSchemaLocation="https://maven.apache.org/surefire/maven-surefire-plugin/xsd/surefire-test-report-3.0.xsd" version="3.0" name="TestSuite" time="45.081" tests="3" errors="0" skipped="0" failures="1">
  <properties>
[...]
</properties>
  <testcase name="runScenario[&quot;Search experience for product on both home and offers page&quot;, &quot;Search and Place the order for Products&quot;](1)" classname="cucumberOptions.TestNGRunner" time="37.188">
    <failure message="expected [Beetroot] but found [No data]" type="java.lang.AssertionError"><![CDATA[java.lang.AssertionError: expected [Beetroot] but found [No data]
]]></failure>
    <system-out><![CDATA[
@PlaceOrder
Scenario Outline: Search experience for product on both home and offers page                         # src/test/java/features/addProductToCartAndVerify.feature:15

@Landing
Scenario Outline: Search experience for product on both home and offers page                        # src/test/java/features/searchProduct.feature:19

@Landing
Scenario Outline: Search experience for product on both home and offers page                         # src/test/java/features/searchProduct.feature:20
Initializing driver for = firefox
Initializing driver for = firefox
Initializing driver for = firefox
Launched the Browser.
  Given User is on the Greenkart landing page                                                       # stepDefinitions.LandingPageStepDefinition.user_is_on_the_greenkart_landing_page()
Launched the Browser.
  Given User is on the Greenkart landing page                                                        # stepDefinitions.LandingPageStepDefinition.user_is_on_the_greenkart_landing_page()
Launched the Browser.
  Given User is on the Greenkart landing page                                                        # stepDefinitions.LandingPageStepDefinition.user_is_on_the_greenkart_landing_page()
Landing Page product name = Tomato
  When User searches for a product using the shortname tom and views the actual name of the product # stepDefinitions.LandingPageStepDefinition.user_searches_for_a_product_using_the_shortname_and_views_the_actual_name_of_the_product(java.lang.String)
User clicked on offers page.
Landing Page product name = Beetroot
  When User searches for a product using the shortname beet and views the actual name of the product # stepDefinitions.LandingPageStepDefinition.user_searches_for_a_product_using_the_shortname_and_views_the_actual_name_of_the_product(java.lang.String)
User clicked on offers page.
Landing Page product name = Tomato
  When User searches for a product using the shortname tom and views the actual name of the product  # stepDefinitions.LandingPageStepDefinition.user_searches_for_a_product_using_the_shortname_and_views_the_actual_name_of_the_product(java.lang.String)
Offer Page producut = Tomato
  Then User searches for the same tom shortname in offers page to check if product exists           # stepDefinitions.OffersPageStepDefinition.user_searches_for_the_same_shortname_in_offers_page_to_check_if_product_exists(java.lang.String)
Tomato : Tomato
  And validate that the product name is same on both the pages                                      # stepDefinitions.OffersPageStepDefinition.validate_that_the_product_name_is_same_on_both_the_pages()
Offer Page producut = No data
  Then User searches for the same beet shortname in offers page to check if product exists           # stepDefinitions.OffersPageStepDefinition.user_searches_for_the_same_shortname_in_offers_page_to_check_if_product_exists(java.lang.String)
Beetroot : No data
  And validate that the product name is same on both the pages                                       # stepDefinitions.OffersPageStepDefinition.validate_that_the_product_name_is_same_on_both_the_pages()
      java.lang.AssertionError: expected [Beetroot] but found [No data]
	at org.testng.Assert.fail(Assert.java:111)
	at org.testng.Assert.failNotEquals(Assert.java:1578)
	at org.testng.Assert.assertEqualsImpl(Assert.java:150)
	at org.testng.Assert.assertEquals(Assert.java:132)
	at org.testng.Assert.assertEquals(Assert.java:656)
	at org.testng.Assert.assertEquals(Assert.java:666)
	at stepDefinitions.OffersPageStepDefinition.validate_that_the_product_name_is_same_on_both_the_pages(OffersPageStepDefinition.java:74)
	at ✽.validate that the product name is same on both the pages(file:///C:/Users/user/eclipse-workspace/CucumberFrameworkRahulShetty/src/test/java/features/searchProduct.feature:15)

Failure found after a step

    Embedding image [image/png 56199 bytes]

  Then Increment the product count by 4 times and add to the cart and Navigates to the checkout page # stepDefinitions.LandingPageStepDefinition.increment_the_product_count_by_times_and_add_to_the_cart(java.lang.Integer)
Cart page Product Name =Tomato
  And Verifies that same product is listed in the checkout table                                     # stepDefinitions.CartPageStepDefinition.verifies_that_same_product_is_listed_in_the_table()
  Then enter the promocode somecode and click on apply button                                        # stepDefinitions.CartPageStepDefinition.enter_the_promocode_somecode_and_click_on_apply_button(java.lang.String)
Closing the browser
]]></system-out>
    <system-err><![CDATA[SLF4J(W): No SLF4J providers were found.
SLF4J(W): Defaulting to no-operation (NOP) logger implementation
SLF4J(W): See https://www.slf4j.org/codes.html#noProviders for further details.
ERROR StatusLogger Log4j2 could not find a logging implementation. Please add log4j-core to the classpath. Using SimpleLogger to log to the console...
1720016735012	geckodriver	INFO	Listening on 127.0.0.1:56163
1720016735415	geckodriver	INFO	Listening on 127.0.0.1:63989
1720016735265	geckodriver	INFO	Listening on 127.0.0.1:58858
1720016736112	mozrunner::runner	INFO	Running command: "C:\\Program 1720F016i7l3e6s1\1\4M	omzoizlrlau nFneirre:f:orxu\n\nfeirre	fINoxF.Oe	Running coxmem"a "n-d-: m"C:\ar\Pirogramo Fnieltetse\"\ M"o-z-irlelmao tFei-rdefeobxu\\gfgiinrge-fpoox.exe"r t""- -"m54ar2ione01t" te"-" -"r-e-mroetmeo t.e..-d lebowug-goiringg-poritn" "s"56 4"1h8t"t p":-/-r/leomcaoltheo s.t.:.54 l2o01w/-" "-no-remote" o"r-ipgrionfsi"l e""ht t"pC::/\/\lUosersc\a\luhsoesrt\:\5A6p4p1D8at/a"\\L oc"a-ln\o\-Treemmp\o\treu"s t"_-mporzopfriolfei"l e"FC9:D\Q\aUsser"s
\\user\\AppData\\Local\\Temp\\rust_mozprofileyQngR0"
1720016736125	mozrunner::runner	INFO	Running command: "C:\\Program Files\\Mozilla Firefox\\firefox.exe" "--marionette" "--remote-debugging-port" "61939" "--remote ... low-origins" "http://localhost:61939/" "-no-remote" "-profile" "C:\\Users\\user\\AppData\\Local\\Temp\\rust_mozprofileZ6OWc2"
console.warn: services.settings: Ignoring preference override of remote settings server
console.warn: services.settings: Allow by setting MOZ_REMOTE_SETTINGS_DEVTOOLS=1 in the environment
console.warn: services.settings: Ignoring preference override of remote settings server
console.warn: services.settings: Allow by setting MOZ_REMOTE_SETTINGS_DEVTOOLS=1 in the environment
console.warn: services.settings: Ignoring preference override of remote settings server
console.warn: services.settings: Allow by setting MOZ_REMOTE_SETTINGS_DEVTOOLS=1 in the environment
Dynamically enable window occlusion 0
1720016738258	Marionette	INFO	Marionette enabled
Dynamically enable window occlusion 0
1720016738299	Marionette	INFO	Marionette enabled
Dynamically enable window occlusion 0
1720016738353	Marionette	INFO	Marionette enabled
1720016739599	Marionette	INFO	Listening on port 53086
WebDriver BiDi listening on ws://127.0.0.1:56418
1720016739788	Marionette	INFO	Listening on port 53087
Read port: 53086
1720016739900	Marionette	INFO	Listening on port 53088
WebDriver BiDi listening on ws://127.0.0.1:54201
WebDriver BiDi listening on ws://127.0.0.1:61939
Read port: 53088
Read port: 53087
Read port: 53086
1720016741159	RemoteAgent	WARN	TLS certificate errors will be ignored for this session
1720016741260	RemoteAgent	WARN	TLS certificate errors will be ignored for this session
1720016741262	RemoteAgent	WARN	TLS certificate errors will be ignored for this session
DevTools listening on ws://127.0.0.1:61939/devtools/browser/f860f0bb-73a8-411a-b060-1c23c5608333
Jul 03, 2024 7:55:48 PM org.openqa.selenium.remote.ProtocolHandshake createSession
INFO: Detected upstream dialect: W3C
DevTools listening on ws://127.0.0.1:56418/devtools/browser/a45df6b1-69f8-4129-914d-c493b3501c7b
Jul 03, 2024 7:55:50 PM org.openqa.selenium.remote.ProtocolHandshake createSession
INFO: Detected upstream dialect: W3C
DevTools listening on ws://127.0.0.1:54201/devtools/browser/1a1aa048-28ef-4513-b0ed-de7c411491b2
Jul 03, 2024 7:55:51 PM org.openqa.selenium.remote.ProtocolHandshake createSession
INFO: Detected upstream dialect: W3C
1720016761579	Marionette	INFO	Stopped listening on port 53087
1720016763044	Marionette	INFO	Stopped listening on port 53086
Dynamically enable window occlusion 1
Dynamically enable window occlusion 1
1720016767192	Marionette	INFO	Stopped listening on port 53088
]]></system-err>
  </testcase>
  <testcase name="runScenario[&quot;Search experience for product on both home and offers page&quot;, &quot;Search and Place the order for Products&quot;](2)" classname="cucumberOptions.TestNGRunner" time="37.19">
    <system-out><![CDATA[Closing the browser
]]></system-out>
  </testcase>
  <testcase name="runScenario[&quot;Search experience for product on both home and offers page&quot;, &quot;Search for a product on the Greenkart page , increment the product count , add to the cart and verify on the cart page&quot;](3)" classname="cucumberOptions.TestNGRunner" time="39.555">
    <system-out><![CDATA[Closing the browser
]]></system-out>
    <system-err><![CDATA[Dynamically enable window occlusion 1
console.error: Region.sys.mjs: "Error fetching region" (new TypeError("NetworkError when attempting to fetch resource.", ""))
console.error: Region.sys.mjs: "Failed to fetch region" (new Error("NO_RESULT", "resource://gre/modules/Region.sys.mjs", 411))
console.error: (new Error("Polling for changes failed: NetworkError: Network request failed.", "resource://services-settings/remote-settings.sys.mjs", 324))
1720016769358	addons.xpi	ERROR	System addon update list error Error: Failed downloading XML, status: 0, channelStatus: 2152071198, errorCode: 2, reason: error
]]></system-err>
  </testcase>
</testsuite>