<?xml version="1.0" encoding="UTF-8"?>
<testng-results ignored="0" total="2" passed="2" failed="0" skipped="0">
  <reporter-output>
  </reporter-output>
  <suite started-at="2024-06-25T17:55:40 IST" name="Suite" finished-at="2024-06-25T17:55:56 IST" duration-ms="15859">
    <groups>
    </groups>
    <test started-at="2024-06-25T17:55:40 IST" name="Test" finished-at="2024-06-25T17:55:56 IST" duration-ms="15859">
      <class name="GoogleTest2">
        <test-method signature="HomePageCheck()[pri:0, instance:GoogleTest2@4c9f8c13]" started-at="2024-06-25T17:55:40 IST" name="HomePageCheck" finished-at="2024-06-25T17:55:54 IST" duration-ms="14516" status="PASS">
          <reporter-output>
          </reporter-output>
        </test-method> <!-- HomePageCheck -->
      </class> <!-- GoogleTest2 -->
      <class name="GoogleTest">
        <test-method signature="HomePageCheck()[pri:0, instance:GoogleTest@418e7838]" started-at="2024-06-25T17:55:40 IST" name="HomePageCheck" finished-at="2024-06-25T17:55:56 IST" duration-ms="15801" status="PASS">
          <reporter-output>
          </reporter-output>
        </test-method> <!-- HomePageCheck -->
      </class> <!-- GoogleTest -->
    </test> <!-- Test -->
  </suite> <!-- Suite -->
</testng-results>
